{
  "stats": {
    "suites": 1,
    "tests": 3,
    "passes": 3,
    "pending": 0,
    "failures": 0,
    "start": "2022-03-03T10:45:01.116Z",
    "end": "2022-03-03T10:45:05.905Z",
    "duration": 4789,
    "testsRegistered": 3,
    "passPercent": 100,
    "pendingPercent": 0,
    "other": 0,
    "hasOther": false,
    "skipped": 0,
    "hasSkipped": false
  },
  "results": [
    {
      "uuid": "e2685876-8aa9-4ea7-9998-4c5410a4699e",
      "title": "",
      "fullFile": "",
      "file": "",
      "beforeHooks": [],
      "afterHooks": [],
      "tests": [],
      "suites": [
        {
          "uuid": "2ff26af3-a89f-4c1f-a9c5-72dfea181669",
          "title": " Test Suite ",
          "fullFile": "",
          "file": "",
          "beforeHooks": [],
          "afterHooks": [],
          "tests": [
            {
              "title": "Valid Login TestCase ",
              "fullTitle": " Test Suite  Valid Login TestCase ",
              "timedOut": null,
              "duration": 1194,
              "state": "passed",
              "speed": "fast",
              "pass": true,
              "fail": false,
              "pending": false,
              "context": null,
              "code": "lp.visit();\nlp.fillEmail('standard_user');\nlp.fillPassword('secret_sauce');\nlp.submit();\ncy.log(cy.title());",
              "err": {},
              "uuid": "4a5b16e3-a149-4c52-a608-07fd1da95522",
              "parentUUID": "2ff26af3-a89f-4c1f-a9c5-72dfea181669",
              "isHook": false,
              "skipped": false
            },
            {
              "title": "InValid Login Testcase",
              "fullTitle": " Test Suite  InValid Login Testcase",
              "timedOut": null,
              "duration": 1150,
              "state": "passed",
              "speed": "fast",
              "pass": true,
              "fail": false,
              "pending": false,
              "context": null,
              "code": "lp.visit();\nlp.fillEmail('locked_out_user');\nlp.fillPassword('secret_sauce');\nlp.submit();\nconst m = cy.get('[data-test=error]');\ncy.log(m);",
              "err": {},
              "uuid": "31b5cd68-30b3-49ee-9b8f-ef01f73a9976",
              "parentUUID": "2ff26af3-a89f-4c1f-a9c5-72dfea181669",
              "isHook": false,
              "skipped": false
            },
            {
              "title": "Order Product Testcase",
              "fullTitle": " Test Suite  Order Product Testcase",
              "timedOut": null,
              "duration": 942,
              "state": "passed",
              "speed": "fast",
              "pass": true,
              "fail": false,
              "pending": false,
              "context": null,
              "code": "lp.visit();\nlp.fillEmail('standard_user');\nlp.fillPassword('secret_sauce');\nlp.submit();",
              "err": {},
              "uuid": "23dc1ca4-346e-4079-9390-c82de0e16ce8",
              "parentUUID": "2ff26af3-a89f-4c1f-a9c5-72dfea181669",
              "isHook": false,
              "skipped": false
            }
          ],
          "suites": [],
          "passes": [
            "4a5b16e3-a149-4c52-a608-07fd1da95522",
            "31b5cd68-30b3-49ee-9b8f-ef01f73a9976",
            "23dc1ca4-346e-4079-9390-c82de0e16ce8"
          ],
          "failures": [],
          "pending": [],
          "skipped": [],
          "duration": 3286,
          "root": false,
          "rootEmpty": false,
          "_timeout": 2000
        }
      ],
      "passes": [],
      "failures": [],
      "pending": [],
      "skipped": [],
      "duration": 0,
      "root": true,
      "rootEmpty": true,
      "_timeout": 2000
    }
  ],
  "meta": {
    "mocha": {
      "version": "7.0.1"
    },
    "mochawesome": {
      "options": {
        "quiet": false,
        "reportFilename": "mochawesome",
        "saveHtml": true,
        "saveJson": true,
        "consoleReporter": "spec",
        "useInlineDiffs": false,
        "code": true
      },
      "version": "7.1.0"
    },
    "marge": {
      "options": null,
      "version": "6.1.0"
    }
  }
}